<?xml version="1.0" encoding="UTF-8"?>
<!-- Generated by org.testng.reporters.JUnitReportReporter -->
<testsuite hostname="MSI" failures="0" tests="4" name="com.testNG.DataProviderDemo" time="0.013" errors="0" timestamp="2022-05-25T08:43:19 IST" skipped="0">
  <testcase classname="com.testNG.DataProviderDemo" name="test1" time="0.010"/>
  <system-out/>
  <testcase classname="com.testNG.DataProviderDemo" name="test1" time="0.001"/>
  <system-out/>
  <testcase classname="com.testNG.DataProviderDemo" name="test1" time="0.001"/>
  <system-out/>
  <testcase classname="com.testNG.DataProviderDemo" name="test1" time="0.001"/>
  <system-out/>
</testsuite> <!-- com.testNG.DataProviderDemo -->
