<?xml version="1.0" encoding="UTF-8"?>
<!-- Generated by org.testng.reporters.JUnitReportReporter -->
<testsuite hostname="MSI" failures="0" tests="3" name="com.testNG.ParallelExecution" time="22.700" errors="0" timestamp="2022-05-22T11:55:40 IST" skipped="0">
  <testcase classname="com.testNG.ParallelExecution" name="Test1" time="3.866"/>
  <system-out/>
  <testcase classname="com.testNG.ParallelExecution" name="Test3" time="7.591"/>
  <system-out/>
  <testcase classname="com.testNG.ParallelExecution" name="Test2" time="11.243"/>
  <system-out/>
</testsuite> <!-- com.testNG.ParallelExecution -->
