<?xml version="1.0" encoding="UTF-8"?>
<!-- Generated by org.testng.reporters.JUnitReportReporter -->
<testsuite hostname="MSI" failures="0" tests="1" name="com.testNG.ParameterTestNgDemo" time="0.000" errors="0" timestamp="2022-05-25T08:56:01 IST" skipped="0">
  <testcase classname="com.testNG.ParameterTestNgDemo" name="testfacebook" time="0.000"/>
  <system-out/>
</testsuite> <!-- com.testNG.ParameterTestNgDemo -->
