<?xml version="1.0" encoding="UTF-8"?>
<!-- Generated by org.testng.reporters.JUnitReportReporter -->
<testsuite hostname="MSI" failures="0" tests="2" name="com.testNG.TestNGDemo3" time="0.007" errors="0" timestamp="2022-05-22T11:05:01 IST" skipped="1">
  <testcase classname="com.testNG.TestNGDemo3" name="test2" time="0.007"/>
  <system-out/>
  <testcase classname="com.testNG.TestNGDemo3" name="test1">
    <skipped/>
  </testcase> <!-- test1 -->
  <system-out/>
</testsuite> <!-- com.testNG.TestNGDemo3 -->
