<?xml version="1.0" encoding="UTF-8"?>
<!-- Generated by org.testng.reporters.JUnitReportReporter -->
<testsuite hostname="MSI" failures="0" tests="3" name="com.testNG.TestNGGroupDemo" time="0.012" errors="0" timestamp="2022-05-22T11:18:53 IST" skipped="0">
  <testcase classname="com.testNG.TestNGGroupDemo" name="test3" time="0.001"/>
  <system-out/>
  <testcase classname="com.testNG.TestNGGroupDemo" name="test4" time="0.002"/>
  <system-out/>
  <testcase classname="com.testNG.TestNGGroupDemo" name="test1" time="0.009"/>
  <system-out/>
</testsuite> <!-- com.testNG.TestNGGroupDemo -->
