<?xml version="1.0" encoding="UTF-8"?>
<!-- Generated by org.testng.reporters.JUnitReportReporter -->
<testsuite hostname="MSI" failures="0" tests="3" name="com.testNG.ParallelExecution" time="26.926" errors="0" timestamp="2022-05-25T08:59:42 IST" skipped="0">
  <testcase classname="com.testNG.ParallelExecution" name="Test2" time="12.342"/>
  <system-out/>
  <testcase classname="com.testNG.ParallelExecution" name="Test1" time="4.406"/>
  <system-out/>
  <testcase classname="com.testNG.ParallelExecution" name="Test3" time="10.178"/>
  <system-out/>
</testsuite> <!-- com.testNG.ParallelExecution -->
