<?xml version="1.0" encoding="UTF-8"?>
<!-- Generated by org.testng.reporters.JUnitReportReporter -->
<testsuite hostname="MSI" failures="0" tests="1" name="com.testNG.ParameterTestNgDemo" time="5.462" errors="0" timestamp="2022-05-22T11:39:07 IST" skipped="0">
  <testcase classname="com.testNG.ParameterTestNgDemo" name="testfacebook" time="5.462"/>
  <system-out/>
</testsuite> <!-- com.testNG.ParameterTestNgDemo -->
