<?xml version="1.0" encoding="UTF-8"?>
<!-- Generated by org.testng.reporters.JUnitReportReporter -->
<testsuite hostname="MSI" failures="0" tests="4" name="com.testNG.TestNGDemo" time="0.009" errors="0" timestamp="2022-05-22T12:00:25 IST" skipped="0">
  <testcase classname="com.testNG.TestNGDemo" name="test4" time="0.006"/>
  <system-out/>
  <testcase classname="com.testNG.TestNGDemo" name="Test3" time="0.001"/>
  <system-out/>
  <testcase classname="com.testNG.TestNGDemo" name="Test2" time="0.001"/>
  <system-out/>
  <testcase classname="com.testNG.TestNGDemo" name="Test1" time="0.001"/>
  <system-out/>
</testsuite> <!-- com.testNG.TestNGDemo -->
