<?xml version="1.0" encoding="UTF-8"?>
<!-- Generated by org.testng.reporters.JUnitReportReporter -->
<testsuite hostname="MSI" failures="0" tests="3" name="com.testNG.Annorationsdemo" time="0.009" errors="0" timestamp="2022-05-22T10:58:30 IST" skipped="0">
  <testcase classname="com.testNG.Annorationsdemo" name="Test3" time="0.002"/>
  <system-out/>
  <testcase classname="com.testNG.Annorationsdemo" name="Test1" time="0.005"/>
  <system-out/>
  <testcase classname="com.testNG.Annorationsdemo" name="Test2" time="0.002"/>
  <system-out/>
</testsuite> <!-- com.testNG.Annorationsdemo -->
