<?xml version="1.0" encoding="UTF-8"?>
<!-- Generated by org.testng.reporters.JUnitReportReporter -->
<testsuite hostname="MSI" failures="0" tests="1" name="com.selenium.framework.TestDemo" time="0.012" errors="0" timestamp="2022-05-28T17:30:24 IST" skipped="0">
  <testcase classname="com.selenium.framework.TestDemo" name="test1" time="0.012"/>
  <system-out/>
</testsuite> <!-- com.selenium.framework.TestDemo -->
